<?xml version="1.0" encoding="UTF-8"?>
<!-- Generated by org.testng.reporters.JUnitReportReporter -->
<testsuite hostname="DESKTOP-ISROUPP" failures="0" tests="1" name="demo.Test1" time="20.684" errors="0" timestamp="2022-08-04T18:35:00 IST" skipped="0">
  <testcase classname="demo.Test1" name="test1" time="20.684"/>
  <system-out/>
</testsuite> <!-- demo.Test1 -->
