<?xml version="1.0" encoding="UTF-8"?>
<!-- Generated by org.testng.reporters.JUnitReportReporter -->
<testsuite hostname="DESKTOP-ISROUPP" failures="0" tests="1" name="demo.Test1" time="30.271" errors="0" timestamp="2022-09-22T23:44:27 IST" skipped="0">
  <testcase classname="demo.Test1" name="test1" time="30.271"/>
  <system-out/>
</testsuite> <!-- demo.Test1 -->
